<?xml version="1.0" encoding="UTF-8"?>
<testsuite name="com.bakdata.uni.WindowingApplicationIntegrationTest" tests="1" skipped="0" failures="0" errors="0" timestamp="2023-10-27T10:12:37" hostname="Ramins-MacBook-Pro.local" time="9.199">
  <properties/>
  <testcase name="shouldRunApp()" classname="com.bakdata.uni.WindowingApplicationIntegrationTest" time="9.199"/>
  <system-out><![CDATA[2023-10-27 13:12:39.993 ERROR com.bakdata.uni.WindowingApplication - I saw a record with key 123_XYZ and value of heart rate 123
2023-10-27 13:12:39.999 ERROR com.bakdata.uni.WindowingApplication - I saw a record with key 123_XYZ and value of heart rate 124
2023-10-27 13:12:40.000 ERROR com.bakdata.uni.WindowingApplication - I saw a record with key 123_XYZ and value of heart rate 126
2023-10-27 13:12:40.000 ERROR com.bakdata.uni.WindowingApplication - I saw a record with key 123_XYZ and value of heart rate 127
2023-10-27 13:12:40.000 ERROR com.bakdata.uni.WindowingApplication - I saw a record with key 123_XYZ and value of heart rate 129
2023-10-27 13:12:40.001 ERROR com.bakdata.uni.WindowingApplication - I saw a record with key 123_XYZ and value of heart rate 130
2023-10-27 13:12:40.001 ERROR com.bakdata.uni.WindowingApplication - I saw a record with key 123_XYZ and value of heart rate 131
2023-10-27 13:12:40.001 ERROR com.bakdata.uni.WindowingApplication - I saw a record with key 123_XYZ and value of heart rate 133
2023-10-27 13:12:40.002 ERROR com.bakdata.uni.WindowingApplication - I saw a record with key 123_XYZ and value of heart rate 135
2023-10-27 13:12:40.002 ERROR com.bakdata.uni.WindowingApplication - I saw a record with key 123_XYZ and value of heart rate 136
2023-10-27 13:12:40.002 ERROR com.bakdata.uni.WindowingApplication - I saw a record with key 123_XYZ and value of heart rate 136
2023-10-27 13:12:40.002 ERROR com.bakdata.uni.WindowingApplication - I saw a record with key 123_XYZ and value of heart rate 138
2023-10-27 13:12:40.003 ERROR com.bakdata.uni.WindowingApplication - I saw a record with key 123_XYZ and value of heart rate 139
2023-10-27 13:12:40.003 ERROR com.bakdata.uni.WindowingApplication - I saw a record with key 123_XYZ and value of heart rate 140
2023-10-27 13:12:40.003 ERROR com.bakdata.uni.WindowingApplication - I saw a record with key 123_XYZ and value of heart rate 141
2023-10-27 13:12:40.003 ERROR com.bakdata.uni.WindowingApplication - I saw a record with key 123_XYZ and value of heart rate 141
2023-10-27 13:12:40.003 ERROR com.bakdata.uni.WindowingApplication - I saw a record with key 123_XYZ and value of heart rate 142
2023-10-27 13:12:40.004 ERROR com.bakdata.uni.WindowingApplication - I saw a record with key 123_XYZ and value of heart rate 143
2023-10-27 13:12:40.004 ERROR com.bakdata.uni.WindowingApplication - I saw a record with key 123_XYZ and value of heart rate 144
2023-10-27 13:12:40.004 ERROR com.bakdata.uni.WindowingApplication - I saw a record with key 123_XYZ and value of heart rate 144
2023-10-27 13:12:40.004 ERROR com.bakdata.uni.WindowingApplication - I saw a record with key 123_XYZ and value of heart rate 144
2023-10-27 13:12:40.004 ERROR com.bakdata.uni.WindowingApplication - I saw a record with key 123_XYZ and value of heart rate 145
2023-10-27 13:12:40.005 ERROR com.bakdata.uni.WindowingApplication - I saw a record with key 123_XYZ and value of heart rate 145
2023-10-27 13:12:40.005 ERROR com.bakdata.uni.WindowingApplication - I saw a record with key 123_XYZ and value of heart rate 146
2023-10-27 13:12:40.005 ERROR com.bakdata.uni.WindowingApplication - I saw a record with key 123_XYZ and value of heart rate 147
2023-10-27 13:12:40.005 ERROR com.bakdata.uni.WindowingApplication - I saw a record with key 123_XYZ and value of heart rate 147
2023-10-27 13:12:40.006 ERROR com.bakdata.uni.WindowingApplication - I saw a record with key 123_XYZ and value of heart rate 149
2023-10-27 13:12:40.006 ERROR com.bakdata.uni.WindowingApplication - I saw a record with key 123_XYZ and value of heart rate 149
2023-10-27 13:12:40.006 ERROR com.bakdata.uni.WindowingApplication - I saw a record with key 123_XYZ and value of heart rate 150
2023-10-27 13:12:40.006 ERROR com.bakdata.uni.WindowingApplication - I saw a record with key 123_XYZ and value of heart rate 151
2023-10-27 13:12:40.006 ERROR com.bakdata.uni.WindowingApplication - I saw a record with key 123_XYZ and value of heart rate 153
2023-10-27 13:12:40.007 ERROR com.bakdata.uni.WindowingApplication - I saw a record with key 123_XYZ and value of heart rate 153
2023-10-27 13:12:40.007 ERROR com.bakdata.uni.WindowingApplication - I saw a record with key 123_XYZ and value of heart rate 155
2023-10-27 13:12:40.007 ERROR com.bakdata.uni.WindowingApplication - I saw a record with key 123_XYZ and value of heart rate 155
2023-10-27 13:12:40.007 ERROR com.bakdata.uni.WindowingApplication - I saw a record with key 123_XYZ and value of heart rate 156
2023-10-27 13:12:40.008 ERROR com.bakdata.uni.WindowingApplication - I saw a record with key 123_XYZ and value of heart rate 155
2023-10-27 13:12:40.008 ERROR com.bakdata.uni.WindowingApplication - I saw a record with key 123_XYZ and value of heart rate 156
2023-10-27 13:12:40.008 ERROR com.bakdata.uni.WindowingApplication - I saw a record with key 123_XYZ and value of heart rate 156
2023-10-27 13:12:40.008 ERROR com.bakdata.uni.WindowingApplication - I saw a record with key 123_XYZ and value of heart rate 157
2023-10-27 13:12:40.008 ERROR com.bakdata.uni.WindowingApplication - I saw a record with key 123_XYZ and value of heart rate 158
2023-10-27 13:12:40.008 ERROR com.bakdata.uni.WindowingApplication - I saw a record with key 123_XYZ and value of heart rate 158
2023-10-27 13:12:40.009 ERROR com.bakdata.uni.WindowingApplication - I saw a record with key 123_XYZ and value of heart rate 159
2023-10-27 13:12:40.009 ERROR com.bakdata.uni.WindowingApplication - I saw a record with key 123_XYZ and value of heart rate 159
2023-10-27 13:12:40.009 ERROR com.bakdata.uni.WindowingApplication - I saw a record with key 123_XYZ and value of heart rate 159
2023-10-27 13:12:40.009 ERROR com.bakdata.uni.WindowingApplication - I saw a record with key 123_XYZ and value of heart rate 159
2023-10-27 13:12:40.009 ERROR com.bakdata.uni.WindowingApplication - I saw a record with key 123_XYZ and value of heart rate 160
2023-10-27 13:12:40.010 ERROR com.bakdata.uni.WindowingApplication - I saw a record with key 123_XYZ and value of heart rate 161
2023-10-27 13:12:40.010 ERROR com.bakdata.uni.WindowingApplication - I saw a record with key 123_XYZ and value of heart rate 161
2023-10-27 13:12:40.010 ERROR com.bakdata.uni.WindowingApplication - I saw a record with key 123_XYZ and value of heart rate 162
2023-10-27 13:12:40.010 ERROR com.bakdata.uni.WindowingApplication - I saw a record with key 123_XYZ and value of heart rate 163
2023-10-27 13:12:40.010 ERROR com.bakdata.uni.WindowingApplication - I saw a record with key 123_XYZ and value of heart rate 162
2023-10-27 13:12:40.011 ERROR com.bakdata.uni.WindowingApplication - I saw a record with key 123_XYZ and value of heart rate 163
2023-10-27 13:12:40.011 ERROR com.bakdata.uni.WindowingApplication - I saw a record with key 123_XYZ and value of heart rate 164
2023-10-27 13:12:40.011 ERROR com.bakdata.uni.WindowingApplication - I saw a record with key 123_XYZ and value of heart rate 163
2023-10-27 13:12:40.011 ERROR com.bakdata.uni.WindowingApplication - I saw a record with key 123_XYZ and value of heart rate 164
2023-10-27 13:12:40.011 ERROR com.bakdata.uni.WindowingApplication - I saw a record with key 123_XYZ and value of heart rate 164
2023-10-27 13:12:40.012 ERROR com.bakdata.uni.WindowingApplication - I saw a record with key 123_XYZ and value of heart rate 164
2023-10-27 13:12:40.012 ERROR com.bakdata.uni.WindowingApplication - I saw a record with key 123_XYZ and value of heart rate 164
2023-10-27 13:12:40.012 ERROR com.bakdata.uni.WindowingApplication - I saw a record with key 123_XYZ and value of heart rate 164
2023-10-27 13:12:40.012 ERROR com.bakdata.uni.WindowingApplication - I saw a record with key 123_XYZ and value of heart rate 167
2023-10-27 13:12:40.717 ERROR com.bakdata.uni.WindowingApplication - Aggregated value for key 123_XYZ_1697202000000 is 126.5
2023-10-27 13:12:40.720 ERROR com.bakdata.uni.WindowingApplication - Aggregated value for key 123_XYZ_1697202006000 is 134.83333333333334
2023-10-27 13:12:40.720 ERROR com.bakdata.uni.WindowingApplication - Aggregated value for key 123_XYZ_1697202012000 is 141.0
2023-10-27 13:12:40.720 ERROR com.bakdata.uni.WindowingApplication - Aggregated value for key 123_XYZ_1697202018000 is 144.66666666666666
2023-10-27 13:12:40.721 ERROR com.bakdata.uni.WindowingApplication - Aggregated value for key 123_XYZ_1697202024000 is 148.83333333333334
2023-10-27 13:12:40.721 ERROR com.bakdata.uni.WindowingApplication - Aggregated value for key 123_XYZ_1697202030000 is 154.5
2023-10-27 13:12:40.721 ERROR com.bakdata.uni.WindowingApplication - Aggregated value for key 123_XYZ_1697202036000 is 157.33333333333334
2023-10-27 13:12:40.721 ERROR com.bakdata.uni.WindowingApplication - Aggregated value for key 123_XYZ_1697202042000 is 159.83333333333334
2023-10-27 13:12:40.721 ERROR com.bakdata.uni.WindowingApplication - Aggregated value for key 123_XYZ_1697202048000 is 162.83333333333334
2023-10-27 13:12:40.722 ERROR com.bakdata.uni.WindowingApplication - Aggregated value for key 123_XYZ_1697202054000 is 164.0
2023-10-27 13:12:40.722 ERROR com.bakdata.uni.WindowingApplication - Aggregated value for key 123_XYZ_1697202060000 is 165.5
]]></system-out>
  <system-err><![CDATA[]]></system-err>
</testsuite>
